<?xml version="1.0" encoding="UTF-8"?>
<!-- Generated by org.testng.reporters.JUnitXMLReporter -->
<testsuite ignored="3" hostname="DESKTOP-DC5U0BQ" failures="0" tests="2" name="Default test" time="0.044" errors="0" timestamp="2023-04-21T22:17:02 IST">
  <testcase classname="Hero_Connect_Page_Test.Enquiry_Page_test" name="@BeforeTest launchURL" time="-1.682095622349E9">
    <failure type="org.testng.TestNGException" message="
Parameter &amp;apos;env&amp;apos; is required by BeforeTest on method launchURL but has not been marked @Optional or defined
in C:\Users\Welcome\AppData\Local\Temp\testng-eclipse-1953000568\testng-customsuite.xml">
      <![CDATA[org.testng.TestNGException: 
Parameter 'env' is required by BeforeTest on method launchURL but has not been marked @Optional or defined
in C:\Users\Welcome\AppData\Local\Temp\testng-eclipse-1953000568\testng-customsuite.xml
at org.testng.internal.Parameters.createParams(Parameters.java:270)
at org.testng.internal.Parameters.createParametersForMethod(Parameters.java:358)
at org.testng.internal.Parameters.createParameters(Parameters.java:700)
at org.testng.internal.Parameters.createConfigurationParameters(Parameters.java:168)
at org.testng.internal.ConfigInvoker.invokeConfigurations(ConfigInvoker.java:302)
at org.testng.TestRunner.invokeTestConfigurations(TestRunner.java:637)
at org.testng.TestRunner.beforeRun(TestRunner.java:627)
at org.testng.TestRunner.run(TestRunner.java:589)
at org.testng.SuiteRunner.runTest(SuiteRunner.java:377)
at org.testng.SuiteRunner.runSequentially(SuiteRunner.java:371)
at org.testng.SuiteRunner.privateRun(SuiteRunner.java:332)
at org.testng.SuiteRunner.run(SuiteRunner.java:276)
at org.testng.SuiteRunnerWorker.runSuite(SuiteRunnerWorker.java:53)
at org.testng.SuiteRunnerWorker.run(SuiteRunnerWorker.java:96)
at org.testng.TestNG.runSuitesSequentially(TestNG.java:1212)
at org.testng.TestNG.runSuitesLocally(TestNG.java:1134)
at org.testng.TestNG.runSuites(TestNG.java:1063)
at org.testng.TestNG.run(TestNG.java:1031)
at org.testng.remote.AbstractRemoteTestNG.run(AbstractRemoteTestNG.java:115)
at org.testng.remote.RemoteTestNG.initAndRun(RemoteTestNG.java:251)
at org.testng.remote.RemoteTestNG.main(RemoteTestNG.java:77)
]]>
    </failure>
  </testcase> <!-- @BeforeTest launchURL -->
  <testcase classname="Commen_Utility_Class.Baselibraray" name="@AfterTest read_Data_From_Database" time="-1.682095622388E9">
    <skipped/>
  </testcase> <!-- @AfterTest read_Data_From_Database -->
  <testcase classname="Hero_Connect_Page_Test.Enquiry_Page_test" name="get_Title" time="0.0">
    <skipped/>
  </testcase> <!-- get_Title -->
  <testcase classname="Hero_Connect_Page_Test.Enquiry_Page_test" name="click_On_Enquiry" time="0.0">
    <skipped/>
  </testcase> <!-- click_On_Enquiry -->
  <testcase classname="Commen_Utility_Class.Baselibraray" name="@AfterTest read_Data_From_Database" time="0.0">
    <ignored/>
  </testcase> <!-- @AfterTest read_Data_From_Database -->
  <testcase classname="Commen_Utility_Class.Baselibraray" name="@AfterTest read_Data_From_Database" time="0.0">
    <ignored/>
  </testcase> <!-- @AfterTest read_Data_From_Database -->
  <testcase classname="Commen_Utility_Class.Baselibraray" name="@AfterTest read_Data_From_Database" time="0.0">
    <ignored/>
  </testcase> <!-- @AfterTest read_Data_From_Database -->
</testsuite> <!-- Default test -->
