<?xml version="1.0" encoding="UTF-8"?>
<!-- Generated by org.testng.reporters.JUnitXMLReporter -->
<testsuite ignored="0" hostname="DESKTOP-I3GA21P" failures="0" tests="3" name="Edge" time="17.291" errors="0" timestamp="2023-03-15T10:20:11 IST">
  <testcase classname="Hero_Connect_Page_Test.Google_page_Test" name="get_Title" time="0.297"/>
  <testcase classname="Hero_Connect_Page_Test.Google_page_Test" name="search_hero_connect" time="0.519"/>
  <testcase classname="Hero_Connect_Page_Test.Google_page_Test" name="click_on_Hero_connect" time="10.41"/>
</testsuite> <!-- Edge -->
