<?xml version="1.0" encoding="UTF-8"?>
<!-- Generated by org.testng.reporters.JUnitXMLReporter -->
<testsuite ignored="0" hostname="DESKTOP-I3GA21P" failures="0" tests="3" name="Firefox" time="29.574" errors="0" timestamp="2023-03-15T10:47:07 IST">
  <testcase classname="Hero_Connect_Page_Test.Google_page_Test" name="get_Title" time="0.141"/>
  <testcase classname="Hero_Connect_Page_Test.Google_page_Test" name="search_hero_connect" time="0.451"/>
  <testcase classname="Hero_Connect_Page_Test.Google_page_Test" name="click_on_Hero_connect" time="20.224"/>
</testsuite> <!-- Firefox -->
