<?xml version="1.0" encoding="UTF-8"?>
<!-- Generated by org.testng.reporters.JUnitXMLReporter -->
<testsuite ignored="0" hostname="DESKTOP-I3GA21P" failures="0" tests="3" name="title" time="6.655" errors="0" timestamp="2023-03-14T19:29:43 IST">
  <testcase classname="Hero_Connect_Page_Test.Google_page_Test" name="get_Title" time="0.065"/>
  <testcase classname="Hero_Connect_Page_Test.Google_page_Test" name="search_hero_connect" time="0.328"/>
  <testcase classname="Hero_Connect_Page_Test.Google_page_Test" name="click_on_Hero_connect" time="0.283"/>
</testsuite> <!-- title -->
