<?xml version="1.0" encoding="UTF-8"?>
<testng-results ignored="0" total="3" passed="3" failed="0" skipped="0">
  <reporter-output>
  </reporter-output>
  <suite started-at="2023-04-02T10:49:51 IST" name="Google" finished-at="2023-04-02T10:50:04 IST" duration-ms="12204">
    <groups>
    </groups>
    <test started-at="2023-04-02T10:49:51 IST" name="Chrome" finished-at="2023-04-02T10:50:04 IST" duration-ms="12204">
      <class name="Hero_Connect_Page_Test.Google_page_Test">
        <test-method is-config="true" signature="launchURL(java.lang.String,java.lang.String)[pri:0, instance:Hero_Connect_Page_Test.Google_page_Test@2cb4893b]" started-at="2023-04-02T10:49:51 IST" name="launchURL" finished-at="2023-04-02T10:49:57 IST" duration-ms="6080" status="PASS">
          <params>
            <param index="0">
              <value>
                <![CDATA[google]]>
              </value>
            </param>
            <param index="1">
              <value>
                <![CDATA[chrome]]>
              </value>
            </param>
          </params>
          <reporter-output>
          </reporter-output>
        </test-method> <!-- launchURL -->
        <test-method signature="get_Title()[pri:0, instance:Hero_Connect_Page_Test.Google_page_Test@2cb4893b]" started-at="2023-04-02T10:49:57 IST" name="get_Title" finished-at="2023-04-02T10:49:58 IST" duration-ms="39" status="PASS">
          <reporter-output>
          </reporter-output>
        </test-method> <!-- get_Title -->
        <test-method signature="search_hero_connect()[pri:1, instance:Hero_Connect_Page_Test.Google_page_Test@2cb4893b]" started-at="2023-04-02T10:49:58 IST" name="search_hero_connect" finished-at="2023-04-02T10:49:58 IST" duration-ms="609" status="PASS">
          <reporter-output>
          </reporter-output>
        </test-method> <!-- search_hero_connect -->
        <test-method signature="click_on_Hero_connect()[pri:2, instance:Hero_Connect_Page_Test.Google_page_Test@2cb4893b]" started-at="2023-04-02T10:49:58 IST" name="click_on_Hero_connect" finished-at="2023-04-02T10:50:03 IST" duration-ms="4387" status="PASS">
          <reporter-output>
          </reporter-output>
        </test-method> <!-- click_on_Hero_connect -->
        <test-method is-config="true" signature="closewindow()[pri:0, instance:Hero_Connect_Page_Test.Google_page_Test@2cb4893b]" started-at="2023-04-02T10:50:03 IST" name="closewindow" finished-at="2023-04-02T10:50:04 IST" duration-ms="1010" status="PASS">
          <reporter-output>
          </reporter-output>
        </test-method> <!-- closewindow -->
      </class> <!-- Hero_Connect_Page_Test.Google_page_Test -->
    </test> <!-- Chrome -->
  </suite> <!-- Google -->
</testng-results>
