<?xml version="1.0" encoding="UTF-8"?>
<testsuite xmlns:xsi="http://www.w3.org/2001/XMLSchema-instance" xsi:noNamespaceSchemaLocation="https://maven.apache.org/surefire/maven-surefire-plugin/xsd/surefire-test-report-3.0.xsd" version="3.0" name="TestSuite" time="49.11" tests="3" errors="0" skipped="0" failures="0">
  <properties>
[...]
</properties>
  <testcase name="get_Title" classname="Hero_Connect_Page_Test.Google_page_Test" time="0.014">
    <system-out><![CDATA[Google
]]></system-out>
    <system-err><![CDATA[SLF4J: Failed to load class "org.slf4j.impl.StaticLoggerBinder".
SLF4J: Defaulting to no-operation (NOP) logger implementation
SLF4J: See http://www.slf4j.org/codes.html#StaticLoggerBinder for further details.
Starting ChromeDriver 111.0.5563.64 (c710e93d5b63b7095afe8c2c17df34408078439d-refs/branch-heads/5563@{#995}) on port 23013
Only local connections are allowed.
Please see https://chromedriver.chromium.org/security-considerations for suggestions on keeping ChromeDriver safe.
ChromeDriver was started successfully.
Apr 10, 2023 5:21:11 PM org.openqa.selenium.remote.ProtocolHandshake createSession
INFO: Detected dialect: W3C
]]></system-err>
  </testcase>
  <testcase name="search_hero_connect" classname="Hero_Connect_Page_Test.Google_page_Test" time="20.342">
    <system-out><![CDATA[17:21:33.763 [main] ERROR Hero_Connect - ==Unable to send Value  = search hero Connect =Proxy element for: DefaultElementLocator 'By.xpath: //input[@class="gLFyf"]'
]]></system-out>
  </testcase>
  <testcase name="click_on_Hero_connect" classname="Hero_Connect_Page_Test.Google_page_Test" time="20.349">
    <system-out><![CDATA[17:21:54.169 [main] ERROR Hero_Connect - ==Unable to Click  = on hero_connect =Proxy element for: DefaultElementLocator 'By.xpath: (//span[contains(text(),'hero connect')])[1]'
]]></system-out>
  </testcase>
</testsuite>