<?xml version="1.0" encoding="UTF-8"?>
<testng-results ignored="0" total="3" passed="3" failed="0" skipped="0">
  <reporter-output>
  </reporter-output>
  <suite started-at="2023-03-16T09:39:14 IST" name="Google" finished-at="2023-03-16T09:39:47 IST" duration-ms="32268">
    <groups>
    </groups>
    <test started-at="2023-03-16T09:39:14 IST" name="Chrome" finished-at="2023-03-16T09:39:47 IST" duration-ms="32268">
      <class name="Hero_Connect_Page_Test.Google_page_Test">
        <test-method is-config="true" signature="launchURL(java.lang.String,java.lang.String)[pri:0, instance:Hero_Connect_Page_Test.Google_page_Test@268f106e]" started-at="2023-03-16T09:39:14 IST" name="launchURL" finished-at="2023-03-16T09:39:26 IST" duration-ms="11503" status="PASS">
          <params>
            <param index="0">
              <value>
                <![CDATA[google]]>
              </value>
            </param>
            <param index="1">
              <value>
                <![CDATA[chrome]]>
              </value>
            </param>
          </params>
          <reporter-output>
          </reporter-output>
        </test-method> <!-- launchURL -->
        <test-method signature="get_Title()[pri:0, instance:Hero_Connect_Page_Test.Google_page_Test@268f106e]" started-at="2023-03-16T09:39:26 IST" name="get_Title" finished-at="2023-03-16T09:39:26 IST" duration-ms="58" status="PASS">
          <reporter-output>
          </reporter-output>
        </test-method> <!-- get_Title -->
        <test-method is-config="true" signature="getanalysis(org.testng.ITestResult)[pri:0, instance:Hero_Connect_Page_Test.Google_page_Test@268f106e]" started-at="2023-03-16T09:39:26 IST" name="getanalysis" finished-at="2023-03-16T09:39:26 IST" duration-ms="4" status="PASS">
          <params>
            <param index="0">
              <value>
                <![CDATA[[TestResult name=get_Title status=SUCCESS method=Google_page_Test.get_Title()[pri:0, instance:Hero_Connect_Page_Test.Google_page_Test@268f106e] output={null}]]]>
              </value>
            </param>
          </params>
          <reporter-output>
          </reporter-output>
        </test-method> <!-- getanalysis -->
        <test-method signature="search_hero_connect()[pri:1, instance:Hero_Connect_Page_Test.Google_page_Test@268f106e]" started-at="2023-03-16T09:39:26 IST" name="search_hero_connect" finished-at="2023-03-16T09:39:26 IST" duration-ms="277" status="PASS">
          <reporter-output>
          </reporter-output>
        </test-method> <!-- search_hero_connect -->
        <test-method is-config="true" signature="getanalysis(org.testng.ITestResult)[pri:0, instance:Hero_Connect_Page_Test.Google_page_Test@268f106e]" started-at="2023-03-16T09:39:26 IST" name="getanalysis" finished-at="2023-03-16T09:39:26 IST" duration-ms="1" status="PASS">
          <params>
            <param index="0">
              <value>
                <![CDATA[[TestResult name=search_hero_connect status=SUCCESS method=Google_page_Test.search_hero_connect()[pri:1, instance:Hero_Connect_Page_Test.Google_page_Test@268f106e] output={null}]]]>
              </value>
            </param>
          </params>
          <reporter-output>
          </reporter-output>
        </test-method> <!-- getanalysis -->
        <test-method signature="click_on_Hero_connect()[pri:2, instance:Hero_Connect_Page_Test.Google_page_Test@268f106e]" started-at="2023-03-16T09:39:26 IST" name="click_on_Hero_connect" finished-at="2023-03-16T09:39:46 IST" duration-ms="20058" status="PASS">
          <reporter-output>
          </reporter-output>
        </test-method> <!-- click_on_Hero_connect -->
        <test-method is-config="true" signature="getanalysis(org.testng.ITestResult)[pri:0, instance:Hero_Connect_Page_Test.Google_page_Test@268f106e]" started-at="2023-03-16T09:39:46 IST" name="getanalysis" finished-at="2023-03-16T09:39:46 IST" duration-ms="0" status="PASS">
          <params>
            <param index="0">
              <value>
                <![CDATA[[TestResult name=click_on_Hero_connect status=SUCCESS method=Google_page_Test.click_on_Hero_connect()[pri:2, instance:Hero_Connect_Page_Test.Google_page_Test@268f106e] output={null}]]]>
              </value>
            </param>
          </params>
          <reporter-output>
          </reporter-output>
        </test-method> <!-- getanalysis -->
        <test-method is-config="true" signature="closewindow()[pri:0, instance:Hero_Connect_Page_Test.Google_page_Test@268f106e]" started-at="2023-03-16T09:39:46 IST" name="closewindow" finished-at="2023-03-16T09:39:47 IST" duration-ms="276" status="PASS">
          <reporter-output>
          </reporter-output>
        </test-method> <!-- closewindow -->
      </class> <!-- Hero_Connect_Page_Test.Google_page_Test -->
    </test> <!-- Chrome -->
  </suite> <!-- Google -->
</testng-results>
