<?xml version="1.0" encoding="UTF-8"?>
<testng-results ignored="0" total="3" passed="3" failed="0" skipped="0">
  <reporter-output>
  </reporter-output>
  <suite started-at="2023-03-22T14:34:39 IST" name="Google" finished-at="2023-03-22T14:34:54 IST" duration-ms="14185">
    <groups>
    </groups>
    <test started-at="2023-03-22T14:34:39 IST" name="Chrome" finished-at="2023-03-22T14:34:54 IST" duration-ms="14185">
      <class name="Hero_Connect_Page_Test.Google_page_Test">
        <test-method is-config="true" signature="launchURL(java.lang.String,java.lang.String)[pri:0, instance:Hero_Connect_Page_Test.Google_page_Test@231f98ef]" started-at="2023-03-22T14:34:39 IST" name="launchURL" finished-at="2023-03-22T14:34:46 IST" duration-ms="6484" status="PASS">
          <params>
            <param index="0">
              <value>
                <![CDATA[google]]>
              </value>
            </param>
            <param index="1">
              <value>
                <![CDATA[chrome]]>
              </value>
            </param>
          </params>
          <reporter-output>
          </reporter-output>
        </test-method> <!-- launchURL -->
        <test-method signature="get_Title()[pri:0, instance:Hero_Connect_Page_Test.Google_page_Test@231f98ef]" started-at="2023-03-22T14:34:46 IST" name="get_Title" finished-at="2023-03-22T14:34:47 IST" duration-ms="947" status="PASS">
          <reporter-output>
          </reporter-output>
        </test-method> <!-- get_Title -->
        <test-method signature="search_hero_connect()[pri:1, instance:Hero_Connect_Page_Test.Google_page_Test@231f98ef]" started-at="2023-03-22T14:34:47 IST" name="search_hero_connect" finished-at="2023-03-22T14:34:47 IST" duration-ms="545" status="PASS">
          <reporter-output>
          </reporter-output>
        </test-method> <!-- search_hero_connect -->
        <test-method signature="click_on_Hero_connect()[pri:2, instance:Hero_Connect_Page_Test.Google_page_Test@231f98ef]" started-at="2023-03-22T14:34:47 IST" name="click_on_Hero_connect" finished-at="2023-03-22T14:34:53 IST" duration-ms="5758" status="PASS">
          <reporter-output>
          </reporter-output>
        </test-method> <!-- click_on_Hero_connect -->
        <test-method is-config="true" signature="closewindow()[pri:0, instance:Hero_Connect_Page_Test.Google_page_Test@231f98ef]" started-at="2023-03-22T14:34:53 IST" name="closewindow" finished-at="2023-03-22T14:34:54 IST" duration-ms="361" status="PASS">
          <reporter-output>
          </reporter-output>
        </test-method> <!-- closewindow -->
      </class> <!-- Hero_Connect_Page_Test.Google_page_Test -->
    </test> <!-- Chrome -->
  </suite> <!-- Google -->
</testng-results>
